
Mar 02, 2023 10:27:20.520 NEW SESSION
Mar 02, 2023 10:27:20.520 [11852:3832:0302/102720.518:ERROR:registration_request.cc(248)] Registration URL fetching failed.
Mar 02, 2023 10:27:20.529 [11852:3832:0302/102720.528:ERROR:registration_request.cc(248)] Registration URL fetching failed.
Mar 02, 2023 10:27:41.537 [11852:3832:0302/102741.536:ERROR:connection_factory_impl.cc(427)] Failed to connect to MCS endpoint with error -118
Mar 02, 2023 10:27:43.755 [11852:3832:0302/102743.755:ERROR:registration_request.cc(248)] Registration URL fetching failed.
Mar 02, 2023 10:27:45.912 [11852:3832:0302/102745.912:ERROR:registration_request.cc(248)] Registration URL fetching failed.
Mar 02, 2023 10:28:05.263 [11852:3832:0302/102805.263:ERROR:connection_factory_impl.cc(427)] Failed to connect to MCS endpoint with error -200
Mar 02, 2023 10:28:38.805 [11852:3832:0302/102838.804:ERROR:registration_request.cc(248)] Registration URL fetching failed.
Mar 02, 2023 10:28:42.263 [11852:3832:0302/102842.262:ERROR:registration_request.cc(248)] Registration URL fetching failed.
Mar 02, 2023 10:29:17.582 [11852:3832:0302/102917.582:ERROR:connection_factory_impl.cc(427)] Failed to connect to MCS endpoint with error -118
Mar 02, 2023 10:30:20.424 [11852:3832:0302/103020.424:ERROR:registration_request.cc(248)] Registration URL fetching failed.
Mar 02, 2023 10:30:37.331 [11852:3832:0302/103037.330:ERROR:registration_request.cc(248)] Registration URL fetching failed.
Mar 02, 2023 10:30:49.28 [11852:3832:0302/103049.028:ERROR:connection_factory_impl.cc(427)] Failed to connect to MCS endpoint with error -200
Mar 02, 2023 10:33:18.844 [11852:3832:0302/103318.843:ERROR:registration_request.cc(248)] Registration URL fetching failed.
Mar 02, 2023 10:33:37.169 [11852:3832:0302/103337.168:ERROR:registration_request.cc(248)] Registration URL fetching failed.
Mar 02, 2023 10:33:56.105 [11852:3832:0302/103356.104:ERROR:connection_factory_impl.cc(427)] Failed to connect to MCS endpoint with error -118
Mar 02, 2023 10:34:25.805 [11852:10424:0302/103425.803:ERROR:account_info_fetcher.cc(62)] OnGetTokenFailure: Connection failed (-200).
Mar 02, 2023 10:39:39.621 [11852:3832:0302/103939.620:ERROR:registration_request.cc(248)] Registration URL fetching failed.
Mar 02, 2023 10:40:14.501 [11852:3832:0302/104014.500:ERROR:registration_request.cc(248)] Registration URL fetching failed.
Mar 02, 2023 10:41:00.872 [11852:3832:0302/104100.872:ERROR:connection_factory_impl.cc(427)] Failed to connect to MCS endpoint with error -200
Mar 02, 2023 10:43:07.661 [11852:3832:0302/104307.660:ERROR:connection_factory_impl.cc(427)] Failed to connect to MCS endpoint with error -118
Mar 02, 2023 10:46:26.113 [11852:3832:0302/104626.112:ERROR:connection_factory_impl.cc(427)] Failed to connect to MCS endpoint with error -106

Mar 02, 2023 10:56:33.870 NEW SESSION
Mar 02, 2023 10:56:33.870 [7672:1676:0302/105633.868:ERROR:registration_request.cc(248)] Registration URL fetching failed.
Mar 02, 2023 10:56:33.880 [7672:1676:0302/105633.879:ERROR:registration_request.cc(248)] Registration URL fetching failed.
Mar 02, 2023 10:56:54.655 [7672:1676:0302/105654.654:ERROR:registration_request.cc(248)] Registration URL fetching failed.
Mar 02, 2023 10:56:54.897 [7672:1676:0302/105654.897:ERROR:connection_factory_impl.cc(427)] Failed to connect to MCS endpoint with error -118
Mar 02, 2023 10:56:55.838 [7672:1676:0302/105655.837:ERROR:registration_request.cc(248)] Registration URL fetching failed.
Mar 02, 2023 10:57:19.878 [7672:1676:0302/105719.878:ERROR:connection_factory_impl.cc(427)] Failed to connect to MCS endpoint with error -200
Mar 02, 2023 10:57:44.646 [7672:1676:0302/105744.646:ERROR:registration_request.cc(248)] Registration URL fetching failed.
Mar 02, 2023 10:57:45.890 [7672:1676:0302/105745.890:ERROR:connection_factory_impl.cc(427)] Failed to connect to MCS endpoint with error -118
Mar 02, 2023 10:57:50.696 [7672:1676:0302/105750.695:ERROR:registration_request.cc(248)] Registration URL fetching failed.
Mar 02, 2023 10:59:21.50 [7672:1676:0302/105921.049:ERROR:registration_request.cc(248)] Registration URL fetching failed.
Mar 02, 2023 10:59:28.343 [7672:1676:0302/105928.342:ERROR:registration_request.cc(248)] Registration URL fetching failed.
Mar 02, 2023 10:59:43.943 [7672:1676:0302/105943.943:ERROR:connection_factory_impl.cc(427)] Failed to connect to MCS endpoint with error -200
Mar 02, 2023 11:02:28.575 [7672:1676:0302/110228.574:ERROR:registration_request.cc(248)] Registration URL fetching failed.
Mar 02, 2023 11:02:48.27 [7672:1676:0302/110248.026:ERROR:registration_request.cc(248)] Registration URL fetching failed.
Mar 02, 2023 11:03:02.945 [7672:1676:0302/110302.944:ERROR:connection_factory_impl.cc(427)] Failed to connect to MCS endpoint with error -118
Mar 02, 2023 11:09:37.454 [7672:1676:0302/110937.452:ERROR:registration_request.cc(248)] Registration URL fetching failed.
Mar 02, 2023 11:09:38.97 [7672:1676:0302/110938.096:ERROR:connection_factory_impl.cc(427)] Failed to connect to MCS endpoint with error -200
Mar 02, 2023 11:09:57.856 [7672:1676:0302/110957.855:ERROR:registration_request.cc(248)] Registration URL fetching failed.
Mar 02, 2023 11:19:59.271 [7672:1676:0302/111959.270:ERROR:connection_factory_impl.cc(427)] Failed to connect to MCS endpoint with error -118
Mar 02, 2023 11:29:59.299 [7672:1676:0302/112959.297:ERROR:connection_factory_impl.cc(427)] Failed to connect to MCS endpoint with error -200
Mar 02, 2023 11:40:20.352 [7672:1676:0302/114020.352:ERROR:connection_factory_impl.cc(427)] Failed to connect to MCS endpoint with error -118
Mar 02, 2023 11:50:20.388 [7672:1676:0302/115020.387:ERROR:connection_factory_impl.cc(427)] Failed to connect to MCS endpoint with error -200
Mar 02, 2023 12:00:41.434 [7672:1676:0302/120041.433:ERROR:connection_factory_impl.cc(427)] Failed to connect to MCS endpoint with error -118
Mar 02, 2023 12:10:41.470 [7672:1676:0302/121041.469:ERROR:connection_factory_impl.cc(427)] Failed to connect to MCS endpoint with error -200
Mar 02, 2023 12:14:33.450 [7672:1676:0302/121433.450:ERROR:connection_factory_impl.cc(427)] Failed to connect to MCS endpoint with error -118
Mar 02, 2023 12:24:33.487 [7672:1676:0302/122433.486:ERROR:connection_factory_impl.cc(427)] Failed to connect to MCS endpoint with error -200
Mar 02, 2023 12:34:54.514 [7672:1676:0302/123454.513:ERROR:connection_factory_impl.cc(427)] Failed to connect to MCS endpoint with error -118
Mar 02, 2023 12:44:54.544 [7672:1676:0302/124454.543:ERROR:connection_factory_impl.cc(427)] Failed to connect to MCS endpoint with error -200
Mar 02, 2023 12:55:15.601 [7672:1676:0302/125515.601:ERROR:connection_factory_impl.cc(427)] Failed to connect to MCS endpoint with error -118
Mar 02, 2023 13:05:15.631 [7672:1676:0302/130515.631:ERROR:connection_factory_impl.cc(427)] Failed to connect to MCS endpoint with error -200
Mar 02, 2023 13:07:48.919 [3700:7468:0302/130748.919:ERROR:registration_request.cc(248)] Registration URL fetching failed.
Mar 02, 2023 13:07:48.931 [3700:7468:0302/130748.930:ERROR:registration_request.cc(248)] Registration URL fetching failed.
Mar 02, 2023 13:08:09.802 [3700:7468:0302/130809.802:ERROR:connection_factory_impl.cc(427)] Failed to connect to MCS endpoint with error -118
Mar 02, 2023 13:08:16.10 [3700:7468:0302/130816.010:ERROR:registration_request.cc(248)] Registration URL fetching failed.
Mar 02, 2023 13:08:16.117 [3700:7468:0302/130816.116:ERROR:registration_request.cc(248)] Registration URL fetching failed.
Mar 02, 2023 13:08:35.339 [3700:7468:0302/130835.338:ERROR:connection_factory_impl.cc(427)] Failed to connect to MCS endpoint with error -200
Mar 02, 2023 13:08:59.492 [3700:7468:0302/130859.491:ERROR:registration_request.cc(248)] Registration URL fetching failed.
Mar 02, 2023 13:09:12.694 [3700:7468:0302/130912.693:ERROR:registration_request.cc(248)] Registration URL fetching failed.
Mar 02, 2023 13:09:50.561 [3700:7468:0302/130950.560:ERROR:connection_factory_impl.cc(427)] Failed to connect to MCS endpoint with error -118
Mar 02, 2023 13:10:44.761 [3700:7468:0302/131044.760:ERROR:registration_request.cc(248)] Registration URL fetching failed.
Mar 02, 2023 13:10:56.581 [3700:7468:0302/131056.580:ERROR:registration_request.cc(248)] Registration URL fetching failed.
Mar 02, 2023 13:11:11.446 [3700:7468:0302/131111.446:ERROR:connection_factory_impl.cc(427)] Failed to connect to MCS endpoint with error -200
Mar 02, 2023 13:13:44.697 [3700:7468:0302/131344.696:ERROR:registration_request.cc(248)] Registration URL fetching failed.
Mar 02, 2023 13:13:57.582 [3700:7468:0302/131357.581:ERROR:registration_request.cc(248)] Registration URL fetching failed.
Mar 02, 2023 13:14:23.622 [3700:7468:0302/131423.621:ERROR:connection_factory_impl.cc(427)] Failed to connect to MCS endpoint with error -118
Mar 02, 2023 13:15:25.970 [120:2820:0302/131525.969:ERROR:registration_request.cc(248)] Registration URL fetching failed.
Mar 02, 2023 13:15:25.985 [120:2820:0302/131525.984:ERROR:registration_request.cc(248)] Registration URL fetching failed.
Mar 02, 2023 13:15:46.999 [120:2820:0302/131546.998:ERROR:connection_factory_impl.cc(427)] Failed to connect to MCS endpoint with error -118
Mar 02, 2023 13:15:48.874 [120:2820:0302/131548.873:ERROR:registration_request.cc(248)] Registration URL fetching failed.
Mar 02, 2023 13:15:52.239 [120:2820:0302/131552.238:ERROR:registration_request.cc(248)] Registration URL fetching failed.
Mar 02, 2023 13:16:12.836 [120:2820:0302/131612.835:ERROR:connection_factory_impl.cc(427)] Failed to connect to MCS endpoint with error -200
Mar 02, 2023 13:16:37.298 [120:2820:0302/131637.297:ERROR:registration_request.cc(248)] Registration URL fetching failed.
Mar 02, 2023 13:16:44.179 [120:2820:0302/131644.178:ERROR:registration_request.cc(248)] Registration URL fetching failed.
Mar 02, 2023 13:17:28.801 [120:2820:0302/131728.800:ERROR:connection_factory_impl.cc(427)] Failed to connect to MCS endpoint with error -118
Mar 02, 2023 13:17:59.483 [120:2820:0302/131759.482:ERROR:registration_request.cc(248)] Registration URL fetching failed.
Mar 02, 2023 13:18:09.370 [120:2820:0302/131809.369:ERROR:registration_request.cc(248)] Registration URL fetching failed.
Mar 02, 2023 13:19:20.340 [120:2820:0302/131920.339:ERROR:connection_factory_impl.cc(427)] Failed to connect to MCS endpoint with error -200
Mar 02, 2023 13:21:03.387 [120:2820:0302/132103.387:ERROR:registration_request.cc(248)] Registration URL fetching failed.
Mar 02, 2023 13:21:06.569 [120:2820:0302/132106.568:ERROR:registration_request.cc(248)] Registration URL fetching failed.
Mar 02, 2023 13:22:52.858 [120:2820:0302/132252.857:ERROR:connection_factory_impl.cc(427)] Failed to connect to MCS endpoint with error -118
Mar 02, 2023 13:27:10.302 [120:2820:0302/132710.301:ERROR:registration_request.cc(248)] Registration URL fetching failed.
Mar 02, 2023 13:27:19.111 [120:2820:0302/132719.110:ERROR:registration_request.cc(248)] Registration URL fetching failed.
Mar 02, 2023 13:28:23.943 [120:2820:0302/132823.943:ERROR:connection_factory_impl.cc(427)] Failed to connect to MCS endpoint with error -200
Mar 02, 2023 13:38:44.976 [120:2820:0302/133844.975:ERROR:connection_factory_impl.cc(427)] Failed to connect to MCS endpoint with error -118
Mar 02, 2023 13:48:45.09 [120:2820:0302/134845.008:ERROR:connection_factory_impl.cc(427)] Failed to connect to MCS endpoint with error -200
Mar 02, 2023 13:59:06.74 [120:2820:0302/135906.073:ERROR:connection_factory_impl.cc(427)] Failed to connect to MCS endpoint with error -118
Mar 02, 2023 14:09:06.101 [120:2820:0302/140906.100:ERROR:connection_factory_impl.cc(427)] Failed to connect to MCS endpoint with error -200
Mar 02, 2023 14:19:27.246 [120:2820:0302/141927.245:ERROR:connection_factory_impl.cc(427)] Failed to connect to MCS endpoint with error -118
Mar 02, 2023 14:29:27.272 [120:2820:0302/142927.272:ERROR:connection_factory_impl.cc(427)] Failed to connect to MCS endpoint with error -200
Mar 02, 2023 14:29:58.219 [120:2820:0302/142958.218:ERROR:connection_factory_impl.cc(427)] Failed to connect to MCS endpoint with error -106
Mar 02, 2023 14:30:04.368 [120:2820:0302/143004.367:ERROR:connection_factory_impl.cc(427)] Failed to connect to MCS endpoint with error -200

Mar 02, 2023 14:55:27.474 NEW SESSION
Mar 02, 2023 14:55:27.474 [2008:4048:0302/145527.472:ERROR:registration_request.cc(248)] Registration URL fetching failed.
Mar 02, 2023 14:55:27.487 [2008:4048:0302/145527.483:ERROR:registration_request.cc(248)] Registration URL fetching failed.
Mar 02, 2023 14:55:48.213 [2008:4048:0302/145548.212:ERROR:registration_request.cc(248)] Registration URL fetching failed.
Mar 02, 2023 14:55:48.317 [2008:4048:0302/145548.316:ERROR:connection_factory_impl.cc(427)] Failed to connect to MCS endpoint with error -118
Mar 02, 2023 14:55:55.366 [2008:4048:0302/145555.365:ERROR:registration_request.cc(248)] Registration URL fetching failed.
Mar 02, 2023 14:56:09.596 [2008:4048:0302/145609.595:ERROR:connection_factory_impl.cc(427)] Failed to connect to MCS endpoint with error -200
Mar 02, 2023 14:56:28.712 [2008:4048:0302/145628.711:ERROR:registration_request.cc(248)] Registration URL fetching failed.
Mar 02, 2023 14:56:39.83 [2008:4048:0302/145639.082:ERROR:registration_request.cc(248)] Registration URL fetching failed.
Mar 02, 2023 14:57:14.363 [2008:4048:0302/145714.362:ERROR:connection_factory_impl.cc(427)] Failed to connect to MCS endpoint with error -118
Mar 02, 2023 14:58:22.767 [2008:4048:0302/145822.766:ERROR:registration_request.cc(248)] Registration URL fetching failed.
Mar 02, 2023 14:58:37.453 [2008:4048:0302/145837.452:ERROR:registration_request.cc(248)] Registration URL fetching failed.
Mar 02, 2023 14:58:49.30 [2008:4048:0302/145849.029:ERROR:connection_factory_impl.cc(427)] Failed to connect to MCS endpoint with error -200
Mar 02, 2023 15:01:51.791 [2008:4048:0302/150151.791:ERROR:registration_request.cc(248)] Registration URL fetching failed.
Mar 02, 2023 15:02:28.126 [2008:4048:0302/150228.126:ERROR:registration_request.cc(248)] Registration URL fetching failed.
Mar 02, 2023 15:02:41.446 [2008:4048:0302/150241.445:ERROR:connection_factory_impl.cc(427)] Failed to connect to MCS endpoint with error -118
Mar 02, 2023 15:08:18.560 [2008:4048:0302/150818.559:ERROR:connection_factory_impl.cc(427)] Failed to connect to MCS endpoint with error -200
Mar 02, 2023 15:08:34.735 [2008:4048:0302/150834.734:ERROR:registration_request.cc(248)] Registration URL fetching failed.
Mar 02, 2023 15:09:36.172 [2008:4048:0302/150936.171:ERROR:registration_request.cc(248)] Registration URL fetching failed.
Mar 02, 2023 15:18:39.589 [2008:4048:0302/151839.588:ERROR:connection_factory_impl.cc(427)] Failed to connect to MCS endpoint with error -118
Mar 02, 2023 15:28:39.621 [2008:4048:0302/152839.621:ERROR:connection_factory_impl.cc(427)] Failed to connect to MCS endpoint with error -200

Mar 14, 2023 10:52:55.478 NEW SESSION
Mar 14, 2023 10:52:55.478 [7900:4428:0314/105255.402:ERROR:fallback_task_provider.cc(124)] Every renderer should have at least one task provided by a primary task provider. If a "Renderer" fallback task is shown, it is a bug. If you have repro steps, please file a new bug and tag it as a dependency of crbug.com/739782.
Mar 14, 2023 10:53:03.899 INFO: Created TensorFlow Lite XNNPACK delegate for CPU.

Mar 14, 2023 11:07:15.748 NEW SESSION
Mar 14, 2023 11:07:15.748 [9984:2576:0314/110715.696:ERROR:fallback_task_provider.cc(124)] Every renderer should have at least one task provided by a primary task provider. If a "Renderer" fallback task is shown, it is a bug. If you have repro steps, please file a new bug and tag it as a dependency of crbug.com/739782.
Mar 14, 2023 11:07:22.48 INFO: Created TensorFlow Lite XNNPACK delegate for CPU.
Mar 14, 2023 11:07:51.609 [9984:9016:0314/110751.609:ERROR:connection_factory_impl.cc(428)] Failed to connect to MCS endpoint with error -7
Mar 14, 2023 11:08:08.715 [9984:9132:0314/110808.715:ERROR:get_updates_processor.cc(264)] PostClientToServerMessage() failed during GetUpdates with error 2
Mar 14, 2023 11:08:49.892 [9984:9016:0314/110849.891:ERROR:connection_factory_impl.cc(428)] Failed to connect to MCS endpoint with error -7
Mar 14, 2023 11:09:00.182 [9984:2576:0314/110900.181:ERROR:fallback_task_provider.cc(124)] Every renderer should have at least one task provided by a primary task provider. If a "Renderer" fallback task is shown, it is a bug. If you have repro steps, please file a new bug and tag it as a dependency of crbug.com/739782.
Mar 14, 2023 11:09:11.209 [9984:2576:0314/110911.208:ERROR:fallback_task_provider.cc(124)] Every renderer should have at least one task provided by a primary task provider. If a "Renderer" fallback task is shown, it is a bug. If you have repro steps, please file a new bug and tag it as a dependency of crbug.com/739782.
Mar 14, 2023 11:09:17.513 [9984:9132:0314/110917.512:ERROR:get_updates_processor.cc(264)] PostClientToServerMessage() failed during GetUpdates with error 2
Mar 14, 2023 11:09:45.388 [9984:2576:0314/110945.387:ERROR:fallback_task_provider.cc(124)] Every renderer should have at least one task provided by a primary task provider. If a "Renderer" fallback task is shown, it is a bug. If you have repro steps, please file a new bug and tag it as a dependency of crbug.com/739782.
Mar 14, 2023 11:09:45.595 [9984:2576:0314/110945.594:ERROR:fallback_task_provider.cc(124)] Every renderer should have at least one task provided by a primary task provider. If a "Renderer" fallback task is shown, it is a bug. If you have repro steps, please file a new bug and tag it as a dependency of crbug.com/739782.
Mar 14, 2023 11:09:45.824 [9984:2576:0314/110945.823:ERROR:fallback_task_provider.cc(124)] Every renderer should have at least one task provided by a primary task provider. If a "Renderer" fallback task is shown, it is a bug. If you have repro steps, please file a new bug and tag it as a dependency of crbug.com/739782.
Mar 14, 2023 11:09:45.931 [9984:2576:0314/110945.930:ERROR:fallback_task_provider.cc(124)] Every renderer should have at least one task provided by a primary task provider. If a "Renderer" fallback task is shown, it is a bug. If you have repro steps, please file a new bug and tag it as a dependency of crbug.com/739782.
Mar 14, 2023 11:09:46.118 [9984:2576:0314/110946.118:ERROR:fallback_task_provider.cc(124)] Every renderer should have at least one task provided by a primary task provider. If a "Renderer" fallback task is shown, it is a bug. If you have repro steps, please file a new bug and tag it as a dependency of crbug.com/739782.
Mar 14, 2023 11:09:46.190 [9984:2576:0314/110946.190:ERROR:fallback_task_provider.cc(124)] Every renderer should have at least one task provided by a primary task provider. If a "Renderer" fallback task is shown, it is a bug. If you have repro steps, please file a new bug and tag it as a dependency of crbug.com/739782.
Mar 14, 2023 11:09:46.784 [9984:2576:0314/110946.784:ERROR:fallback_task_provider.cc(124)] Every renderer should have at least one task provided by a primary task provider. If a "Renderer" fallback task is shown, it is a bug. If you have repro steps, please file a new bug and tag it as a dependency of crbug.com/739782.
Mar 14, 2023 11:09:46.785 [9984:2576:0314/110946.784:ERROR:fallback_task_provider.cc(124)] Every renderer should have at least one task provided by a primary task provider. If a "Renderer" fallback task is shown, it is a bug. If you have repro steps, please file a new bug and tag it as a dependency of crbug.com/739782.
Mar 14, 2023 11:09:48.291 [9984:2576:0314/110948.290:ERROR:fallback_task_provider.cc(124)] Every renderer should have at least one task provided by a primary task provider. If a "Renderer" fallback task is shown, it is a bug. If you have repro steps, please file a new bug and tag it as a dependency of crbug.com/739782.
Mar 14, 2023 11:09:49.81 [9984:2576:0314/110949.080:ERROR:fallback_task_provider.cc(124)] Every renderer should have at least one task provided by a primary task provider. If a "Renderer" fallback task is shown, it is a bug. If you have repro steps, please file a new bug and tag it as a dependency of crbug.com/739782.
Mar 14, 2023 11:09:49.317 [9984:2576:0314/110949.316:ERROR:fallback_task_provider.cc(124)] Every renderer should have at least one task provided by a primary task provider. If a "Renderer" fallback task is shown, it is a bug. If you have repro steps, please file a new bug and tag it as a dependency of crbug.com/739782.
Mar 14, 2023 11:09:49.366 [9984:2576:0314/110949.366:ERROR:fallback_task_provider.cc(124)] Every renderer should have at least one task provided by a primary task provider. If a "Renderer" fallback task is shown, it is a bug. If you have repro steps, please file a new bug and tag it as a dependency of crbug.com/739782.
Mar 14, 2023 11:09:49.447 [9984:2576:0314/110949.447:ERROR:fallback_task_provider.cc(124)] Every renderer should have at least one task provided by a primary task provider. If a "Renderer" fallback task is shown, it is a bug. If you have repro steps, please file a new bug and tag it as a dependency of crbug.com/739782.
Mar 14, 2023 11:09:49.478 [9984:2576:0314/110949.477:ERROR:fallback_task_provider.cc(124)] Every renderer should have at least one task provided by a primary task provider. If a "Renderer" fallback task is shown, it is a bug. If you have repro steps, please file a new bug and tag it as a dependency of crbug.com/739782.
Mar 14, 2023 11:09:49.907 [9984:2576:0314/110949.906:ERROR:fallback_task_provider.cc(124)] Every renderer should have at least one task provided by a primary task provider. If a "Renderer" fallback task is shown, it is a bug. If you have repro steps, please file a new bug and tag it as a dependency of crbug.com/739782.
Mar 14, 2023 11:09:52.511 [9984:2576:0314/110952.510:ERROR:fallback_task_provider.cc(124)] Every renderer should have at least one task provided by a primary task provider. If a "Renderer" fallback task is shown, it is a bug. If you have repro steps, please file a new bug and tag it as a dependency of crbug.com/739782.
Mar 14, 2023 11:09:52.777 [9984:2576:0314/110952.776:ERROR:fallback_task_provider.cc(124)] Every renderer should have at least one task provided by a primary task provider. If a "Renderer" fallback task is shown, it is a bug. If you have repro steps, please file a new bug and tag it as a dependency of crbug.com/739782.
Mar 14, 2023 11:09:57.759 [9984:2576:0314/110957.758:ERROR:fallback_task_provider.cc(124)] Every renderer should have at least one task provided by a primary task provider. If a "Renderer" fallback task is shown, it is a bug. If you have repro steps, please file a new bug and tag it as a dependency of crbug.com/739782.
Mar 14, 2023 11:09:59.343 [9984:2576:0314/110959.343:ERROR:fallback_task_provider.cc(124)] Every renderer should have at least one task provided by a primary task provider. If a "Renderer" fallback task is shown, it is a bug. If you have repro steps, please file a new bug and tag it as a dependency of crbug.com/739782.
Mar 14, 2023 11:09:59.800 [9984:2576:0314/110959.799:ERROR:fallback_task_provider.cc(124)] Every renderer should have at least one task provided by a primary task provider. If a "Renderer" fallback task is shown, it is a bug. If you have repro steps, please file a new bug and tag it as a dependency of crbug.com/739782.
Mar 14, 2023 11:10:00.519 [9984:9132:0314/111000.518:ERROR:cert_verify_proc_builtin.cc(677)] CertVerifyProcBuiltin for usermatch.targeting.unrulymedia.com failed:
Mar 14, 2023 11:10:00.519 ----- Certificate i=0 (L=\                                                                                                                                                                                                                                                                                                                                                                                                                                                                                                                                                                                                                                                                                                                                                                                                                                                                                                                                                                                                                                                                                                                                                                                                                                                                                                                                                                                                                                                                                                                                                                                                                                                                                                                                                                                                                                                                                                                                                                                                                                                                                                                                                                                                                                                                                                                                                                                                                                                                                                                                                                                                                                                                                                                                                                                                                                                                                                                                                                                                                                                                                                                                                                                                                                                                                                                                                                                                                                                                                                                                                                                                                                                                                                                                                                                 \ ,CN=*.targeting.unrulymedia.com) -----
Mar 14, 2023 11:10:00.520 ERROR: No matching issuer found
Mar 14, 2023 11:10:00.521 
Mar 14, 2023 11:10:00.522 
Mar 14, 2023 11:10:01.166 [9984:5924:0314/111001.166:ERROR:cert_verify_proc_builtin.cc(677)] CertVerifyProcBuiltin for pre-usermatch.targeting.unrulymedia.com failed:
Mar 14, 2023 11:10:01.167 ----- Certificate i=0 (L=\                                                                                                                                                                                                                                                                                                                                                                                                                                                                                                                                                                                                                                                                                                                                                                                                                                                                                                                                                                                                                                                                                                                                                                                                                                                                                                                                                                                                                                                                                                                                                                                                                                                                                                                                                                                                                                                                                                                                                                                                                                                                                                                                                                                                                                                                                                                                                                                                                                                                                                                                                                                                                                                                                                                                                                                                                                                                                                                                                                                                                                                                                                                                                                                                                                                                                                                                                                                                                                                                                                                                                                                                                                                                                                                                                                                 \ ,CN=*.targeting.unrulymedia.com) -----
Mar 14, 2023 11:10:01.168 ERROR: No matching issuer found
Mar 14, 2023 11:10:01.169 
Mar 14, 2023 11:10:01.169 
Mar 14, 2023 11:18:36.719 [9984:2576:0314/111836.719:ERROR:fallback_task_provider.cc(124)] Every renderer should have at least one task provided by a primary task provider. If a "Renderer" fallback task is shown, it is a bug. If you have repro steps, please file a new bug and tag it as a dependency of crbug.com/739782.
Mar 14, 2023 11:48:25.910 [9984:2576:0314/114825.910:ERROR:fallback_task_provider.cc(124)] Every renderer should have at least one task provided by a primary task provider. If a "Renderer" fallback task is shown, it is a bug. If you have repro steps, please file a new bug and tag it as a dependency of crbug.com/739782.
Mar 14, 2023 11:48:57.502 [9984:2576:0314/114857.502:ERROR:fallback_task_provider.cc(124)] Every renderer should have at least one task provided by a primary task provider. If a "Renderer" fallback task is shown, it is a bug. If you have repro steps, please file a new bug and tag it as a dependency of crbug.com/739782.
Mar 14, 2023 12:06:30.295 [9984:2576:0314/120630.294:ERROR:fallback_task_provider.cc(124)] Every renderer should have at least one task provided by a primary task provider. If a "Renderer" fallback task is shown, it is a bug. If you have repro steps, please file a new bug and tag it as a dependency of crbug.com/739782.
Mar 14, 2023 12:06:58.62 [9984:2576:0314/120658.061:ERROR:fallback_task_provider.cc(124)] Every renderer should have at least one task provided by a primary task provider. If a "Renderer" fallback task is shown, it is a bug. If you have repro steps, please file a new bug and tag it as a dependency of crbug.com/739782.
Mar 14, 2023 12:12:56.476 [9984:2576:0314/121256.475:ERROR:fallback_task_provider.cc(124)] Every renderer should have at least one task provided by a primary task provider. If a "Renderer" fallback task is shown, it is a bug. If you have repro steps, please file a new bug and tag it as a dependency of crbug.com/739782.
Mar 14, 2023 13:16:41.613 [9984:2576:0314/131641.613:ERROR:fallback_task_provider.cc(124)] Every renderer should have at least one task provided by a primary task provider. If a "Renderer" fallback task is shown, it is a bug. If you have repro steps, please file a new bug and tag it as a dependency of crbug.com/739782.
Mar 14, 2023 13:18:35.321 [9984:2576:0314/131835.321:ERROR:fallback_task_provider.cc(124)] Every renderer should have at least one task provided by a primary task provider. If a "Renderer" fallback task is shown, it is a bug. If you have repro steps, please file a new bug and tag it as a dependency of crbug.com/739782.
Mar 14, 2023 13:18:35.857 [9984:2576:0314/131835.857:ERROR:fallback_task_provider.cc(124)] Every renderer should have at least one task provided by a primary task provider. If a "Renderer" fallback task is shown, it is a bug. If you have repro steps, please file a new bug and tag it as a dependency of crbug.com/739782.
Mar 14, 2023 13:47:04.872 [9984:2576:0314/134704.870:ERROR:fallback_task_provider.cc(124)] Every renderer should have at least one task provided by a primary task provider. If a "Renderer" fallback task is shown, it is a bug. If you have repro steps, please file a new bug and tag it as a dependency of crbug.com/739782.
Mar 14, 2023 13:48:06.743 [9984:2576:0314/134806.742:ERROR:fallback_task_provider.cc(124)] Every renderer should have at least one task provided by a primary task provider. If a "Renderer" fallback task is shown, it is a bug. If you have repro steps, please file a new bug and tag it as a dependency of crbug.com/739782.
Mar 14, 2023 13:48:06.749 [9984:2576:0314/134806.748:ERROR:fallback_task_provider.cc(124)] Every renderer should have at least one task provided by a primary task provider. If a "Renderer" fallback task is shown, it is a bug. If you have repro steps, please file a new bug and tag it as a dependency of crbug.com/739782.
Mar 14, 2023 13:48:06.831 [9984:2576:0314/134806.830:ERROR:fallback_task_provider.cc(124)] Every renderer should have at least one task provided by a primary task provider. If a "Renderer" fallback task is shown, it is a bug. If you have repro steps, please file a new bug and tag it as a dependency of crbug.com/739782.
Mar 14, 2023 13:48:06.844 [9984:2576:0314/134806.843:ERROR:fallback_task_provider.cc(124)] Every renderer should have at least one task provided by a primary task provider. If a "Renderer" fallback task is shown, it is a bug. If you have repro steps, please file a new bug and tag it as a dependency of crbug.com/739782.
Mar 14, 2023 13:57:19.131 [9984:2576:0314/135719.130:ERROR:fallback_task_provider.cc(124)] Every renderer should have at least one task provided by a primary task provider. If a "Renderer" fallback task is shown, it is a bug. If you have repro steps, please file a new bug and tag it as a dependency of crbug.com/739782.
Mar 14, 2023 14:26:03.468 [9984:2576:0314/142603.467:ERROR:fallback_task_provider.cc(124)] Every renderer should have at least one task provided by a primary task provider. If a "Renderer" fallback task is shown, it is a bug. If you have repro steps, please file a new bug and tag it as a dependency of crbug.com/739782.
Mar 14, 2023 14:53:42.714 [9984:2576:0314/145342.714:ERROR:fallback_task_provider.cc(124)] Every renderer should have at least one task provided by a primary task provider. If a "Renderer" fallback task is shown, it is a bug. If you have repro steps, please file a new bug and tag it as a dependency of crbug.com/739782.
Mar 14, 2023 14:53:42.870 [9984:2576:0314/145342.869:ERROR:fallback_task_provider.cc(124)] Every renderer should have at least one task provided by a primary task provider. If a "Renderer" fallback task is shown, it is a bug. If you have repro steps, please file a new bug and tag it as a dependency of crbug.com/739782.
Mar 14, 2023 14:53:43.275 [9984:2576:0314/145343.275:ERROR:fallback_task_provider.cc(124)] Every renderer should have at least one task provided by a primary task provider. If a "Renderer" fallback task is shown, it is a bug. If you have repro steps, please file a new bug and tag it as a dependency of crbug.com/739782.
Mar 14, 2023 14:53:43.457 [9984:2576:0314/145343.457:ERROR:fallback_task_provider.cc(124)] Every renderer should have at least one task provided by a primary task provider. If a "Renderer" fallback task is shown, it is a bug. If you have repro steps, please file a new bug and tag it as a dependency of crbug.com/739782.
Mar 14, 2023 14:53:43.459 [9984:2576:0314/145343.459:ERROR:fallback_task_provider.cc(124)] Every renderer should have at least one task provided by a primary task provider. If a "Renderer" fallback task is shown, it is a bug. If you have repro steps, please file a new bug and tag it as a dependency of crbug.com/739782.
Mar 14, 2023 14:53:43.833 [9984:2576:0314/145343.833:ERROR:fallback_task_provider.cc(124)] Every renderer should have at least one task provided by a primary task provider. If a "Renderer" fallback task is shown, it is a bug. If you have repro steps, please file a new bug and tag it as a dependency of crbug.com/739782.
Mar 14, 2023 14:53:43.929 [9984:2576:0314/145343.929:ERROR:fallback_task_provider.cc(124)] Every renderer should have at least one task provided by a primary task provider. If a "Renderer" fallback task is shown, it is a bug. If you have repro steps, please file a new bug and tag it as a dependency of crbug.com/739782.
Mar 14, 2023 14:53:44.364 [9984:11832:0314/145344.363:ERROR:cert_verify_proc_builtin.cc(677)] CertVerifyProcBuiltin for sync.targeting.unrulymedia.com failed:
Mar 14, 2023 14:53:44.365 ----- Certificate i=0 (L=\                                                                                                                                                                                                                                                                                                                                                                                                                                                                                                                                                                                                                                                                                                                                                                                                                                                                                                                                                                                                                                                                                                                                                                                                                                                                                                                                                                                                                                                                                                                                                                                                                                                                                                                                                                                                                                                                                                                                                                                                                                                                                                                                                                                                                                                                                                                                                                                                                                                                                                                                                                                                                                                                                                                                                                                                                                                                                                                                                                                                                                                                                                                                                                                                                                                                                                                                                                                                                                                                                                                                                                                                                                                                                                                                                                                 \ ,CN=*.targeting.unrulymedia.com) -----
Mar 14, 2023 14:53:44.366 ERROR: No matching issuer found
Mar 14, 2023 14:53:44.366 
Mar 14, 2023 14:53:44.367 
